[debug] [2022-12-13T11:46:50.983Z] ----------------------------------------------------------------------
[debug] [2022-12-13T11:46:50.986Z] Command:       C:\Program Files\nodejs\node.exe C:\Users\Md Ayakub Ali\AppData\Roaming\npm\node_modules\firebase-tools\lib\bin\firebase.js deploy
[debug] [2022-12-13T11:46:50.986Z] CLI Version:   11.16.1
[debug] [2022-12-13T11:46:50.986Z] Platform:      win32
[debug] [2022-12-13T11:46:50.987Z] Node Version:  v16.15.1
[debug] [2022-12-13T11:46:51.002Z] Time:          Tue Dec 13 2022 17:46:50 GMT+0600 (Bangladesh Standard Time)
[debug] [2022-12-13T11:46:51.003Z] ----------------------------------------------------------------------
[debug] 
[debug] [2022-12-13T11:46:51.012Z] >>> [apiv2][query] GET https://firebase-public.firebaseio.com/cli.json [none]
[debug] [2022-12-13T11:46:51.129Z] > command requires scopes: ["email","openid","https://www.googleapis.com/auth/cloudplatformprojects.readonly","https://www.googleapis.com/auth/firebase","https://www.googleapis.com/auth/cloud-platform"]
[debug] [2022-12-13T11:46:51.129Z] > authorizing via signed-in user (ayakub1086@gmail.com)
[debug] [2022-12-13T11:46:51.130Z] [iam] checking project md-ayakub-ali for permissions ["firebase.projects.get","firebasehosting.sites.update"]
[debug] [2022-12-13T11:46:51.131Z] > refreshing access token with scopes: []
[debug] [2022-12-13T11:46:51.132Z] >>> [apiv2][query] POST https://www.googleapis.com/oauth2/v3/token [none]
[debug] [2022-12-13T11:46:51.132Z] >>> [apiv2][body] POST https://www.googleapis.com/oauth2/v3/token [omitted]
[debug] [2022-12-13T11:46:51.518Z] <<< [apiv2][status] POST https://www.googleapis.com/oauth2/v3/token 200
[debug] [2022-12-13T11:46:51.519Z] <<< [apiv2][body] POST https://www.googleapis.com/oauth2/v3/token [omitted]
[debug] [2022-12-13T11:46:51.529Z] >>> [apiv2][query] POST https://cloudresourcemanager.googleapis.com/v1/projects/md-ayakub-ali:testIamPermissions [none]
[debug] [2022-12-13T11:46:51.529Z] >>> [apiv2][(partial)header] POST https://cloudresourcemanager.googleapis.com/v1/projects/md-ayakub-ali:testIamPermissions x-goog-quota-user=projects/md-ayakub-ali
[debug] [2022-12-13T11:46:51.530Z] >>> [apiv2][body] POST https://cloudresourcemanager.googleapis.com/v1/projects/md-ayakub-ali:testIamPermissions {"permissions":["firebase.projects.get","firebasehosting.sites.update"]}
[debug] [2022-12-13T11:46:51.846Z] <<< [apiv2][status] GET https://firebase-public.firebaseio.com/cli.json 200
[debug] [2022-12-13T11:46:51.846Z] <<< [apiv2][body] GET https://firebase-public.firebaseio.com/cli.json {"cloudBuildErrorAfter":1594252800000,"cloudBuildWarnAfter":1590019200000,"defaultNode10After":1594252800000,"minVersion":"3.0.5","node8DeploysDisabledAfter":1613390400000,"node8RuntimeDisabledAfter":1615809600000,"node8WarnAfter":1600128000000}
[debug] [2022-12-13T11:46:52.905Z] <<< [apiv2][status] POST https://cloudresourcemanager.googleapis.com/v1/projects/md-ayakub-ali:testIamPermissions 200
[debug] [2022-12-13T11:46:52.905Z] <<< [apiv2][body] POST https://cloudresourcemanager.googleapis.com/v1/projects/md-ayakub-ali:testIamPermissions {"permissions":["firebase.projects.get","firebasehosting.sites.update"]}
[debug] [2022-12-13T11:46:52.909Z] >>> [apiv2][query] GET https://firebase.googleapis.com/v1beta1/projects/md-ayakub-ali [none]
[debug] [2022-12-13T11:46:53.493Z] <<< [apiv2][status] GET https://firebase.googleapis.com/v1beta1/projects/md-ayakub-ali 200
[debug] [2022-12-13T11:46:53.494Z] <<< [apiv2][body] GET https://firebase.googleapis.com/v1beta1/projects/md-ayakub-ali {"projectId":"md-ayakub-ali","projectNumber":"426695723035","displayName":"MD-AYAKUB-ALI","name":"projects/md-ayakub-ali","resources":{"hostingSite":"md-ayakub-ali"},"state":"ACTIVE","etag":"1_cb7e0faf-dd9e-4740-930d-2232a3d1f185"}
[info] 
[info] === Deploying to 'md-ayakub-ali'...
[info] 
[info] i  deploying hosting 
[debug] [2022-12-13T11:46:53.507Z] >>> [apiv2][query] POST https://firebasehosting.googleapis.com/v1beta1/projects/-/sites/md-ayakub-ali/versions [none]
[debug] [2022-12-13T11:46:53.507Z] >>> [apiv2][body] POST https://firebasehosting.googleapis.com/v1beta1/projects/-/sites/md-ayakub-ali/versions {"status":"CREATED","labels":{"deployment-tool":"cli-firebase"}}
[debug] [2022-12-13T11:46:54.711Z] <<< [apiv2][status] POST https://firebasehosting.googleapis.com/v1beta1/projects/-/sites/md-ayakub-ali/versions 200
[debug] [2022-12-13T11:46:54.711Z] <<< [apiv2][body] POST https://firebasehosting.googleapis.com/v1beta1/projects/-/sites/md-ayakub-ali/versions {"name":"projects/426695723035/sites/md-ayakub-ali/versions/a61c324371c394f4","status":"CREATED","config":{},"labels":{"deployment-tool":"cli-firebase"}}
[info] i  hosting[md-ayakub-ali]: beginning deploy... 
[info] i  hosting[md-ayakub-ali]: found 16 files in build 
[debug] [2022-12-13T11:46:55.332Z] [hosting] uploading with 200 concurrency
[debug] [2022-12-13T11:46:55.995Z] [hosting] hash cache [YnVpbGQ] stored for 16 files
[debug] [2022-12-13T11:46:55.995Z] [hosting][hash queue][FINAL] {"max":601,"min":3,"avg":51.375,"active":0,"complete":16,"success":16,"errored":0,"retried":0,"total":16,"elapsed":609}
[debug] [2022-12-13T11:46:55.996Z] >>> [apiv2][query] POST https://firebasehosting.googleapis.com/v1beta1/projects/426695723035/sites/md-ayakub-ali/versions/a61c324371c394f4:populateFiles [none]
[debug] [2022-12-13T11:46:55.996Z] >>> [apiv2][body] POST https://firebasehosting.googleapis.com/v1beta1/projects/426695723035/sites/md-ayakub-ali/versions/a61c324371c394f4:populateFiles {"files":{"/favicon.ico":"eae62e993eb980ec8a25058c39d5a51feab118bd2100c4deebb2a9c158ec11f9","/logo192.png":"3ee59515172ee198f3be375979df15ac5345183e656720a381b8872b2a39dc8b","/logo512.png":"ee7e2f3fdb8209c4b6fd7bef6ba50d1b9dba30a25bb5c3126df057e1cb6f5331","/manifest.json":"aff3449bdc238776f5d6d967f19ec491b36aed5fb7f23ccff6500736fd58494a","/projects.json":"61803cb264ac48036ad6c6cab83096633afd72854112e122583c642a93641d0a","/robots.txt":"bfe106a3fb878dc83461c86818bf74fc1bdc7f28538ba613cd3e775516ce8b49","/asset-manifest.json":"39a4a1cc9eff221e16370111cf573e65bd71703311674f4361ee4e9fb38f44cf","/index.html":"2bc7bdbd759ba03f2cac1416a6f03caecfe4929945c53108a43a276eeb62b851","/static/css/main.3ba2b709.css":"9b587d6aeffa259ec9a13a592ae5b9311ee9614b9d4ab5740c7740ca75ae81a1","/static/js/787.128fc6e9.chunk.js":"dd557db2d92369b1ab0d9898ee62d4b794831f52ceb06c92a64e868ab9921b44","/static/css/main.3ba2b709.css.map":"d6422676b22338324272c56c03f55a4f097e86b9ac301a3763d195149f61c790","/static/js/main.408ed107.js.LICENSE.txt":"f2ba3ca5e721960e8ffb6d6fd8c2d1270586219e3ad0dbb1e4e03d2402b23219","/static/js/787.128fc6e9.chunk.js.map":"5684cabd2790b6bff4086ba6bb894ab4a2d25a37436e3b626bd4d59b29255b9e","/static/media/ayakub.c76ecc4b590662da79a2.jpg":"e0c802bb789c3114054ae0977b3d7339bbb51bdd54fd0c5820d2735f8d2f98e4","/static/js/main.408ed107.js":"b6f6058861b12c5bc40f619537d6c610eaa023b42dee85ded6b5cadb457cda0e","/static/js/main.408ed107.js.map":"e15b3fb417f44a105e9009bd71b315d2809d3955fcf2147dddb5ee1ba893fa93"}}
[debug] [2022-12-13T11:46:56.914Z] <<< [apiv2][status] POST https://firebasehosting.googleapis.com/v1beta1/projects/426695723035/sites/md-ayakub-ali/versions/a61c324371c394f4:populateFiles 200
[debug] [2022-12-13T11:46:56.914Z] <<< [apiv2][body] POST https://firebasehosting.googleapis.com/v1beta1/projects/426695723035/sites/md-ayakub-ali/versions/a61c324371c394f4:populateFiles {"uploadRequiredHashes":["39a4a1cc9eff221e16370111cf573e65bd71703311674f4361ee4e9fb38f44cf","e15b3fb417f44a105e9009bd71b315d2809d3955fcf2147dddb5ee1ba893fa93","d6422676b22338324272c56c03f55a4f097e86b9ac301a3763d195149f61c790","2bc7bdbd759ba03f2cac1416a6f03caecfe4929945c53108a43a276eeb62b851","9b587d6aeffa259ec9a13a592ae5b9311ee9614b9d4ab5740c7740ca75ae81a1","b6f6058861b12c5bc40f619537d6c610eaa023b42dee85ded6b5cadb457cda0e"],"uploadUrl":"https://upload-firebasehosting.googleapis.com/upload/sites/md-ayakub-ali/versions/a61c324371c394f4/files"}
[debug] [2022-12-13T11:46:56.916Z] >>> [apiv2][query] POST https://upload-firebasehosting.googleapis.com/upload/sites/md-ayakub-ali/versions/a61c324371c394f4/files/39a4a1cc9eff221e16370111cf573e65bd71703311674f4361ee4e9fb38f44cf [none]
[debug] [2022-12-13T11:46:56.916Z] >>> [apiv2][body] POST https://upload-firebasehosting.googleapis.com/upload/sites/md-ayakub-ali/versions/a61c324371c394f4/files/39a4a1cc9eff221e16370111cf573e65bd71703311674f4361ee4e9fb38f44cf [stream]
[debug] [2022-12-13T11:46:56.917Z] >>> [apiv2][query] POST https://upload-firebasehosting.googleapis.com/upload/sites/md-ayakub-ali/versions/a61c324371c394f4/files/e15b3fb417f44a105e9009bd71b315d2809d3955fcf2147dddb5ee1ba893fa93 [none]
[debug] [2022-12-13T11:46:56.917Z] >>> [apiv2][body] POST https://upload-firebasehosting.googleapis.com/upload/sites/md-ayakub-ali/versions/a61c324371c394f4/files/e15b3fb417f44a105e9009bd71b315d2809d3955fcf2147dddb5ee1ba893fa93 [stream]
[debug] [2022-12-13T11:46:56.918Z] >>> [apiv2][query] POST https://upload-firebasehosting.googleapis.com/upload/sites/md-ayakub-ali/versions/a61c324371c394f4/files/d6422676b22338324272c56c03f55a4f097e86b9ac301a3763d195149f61c790 [none]
[debug] [2022-12-13T11:46:56.919Z] >>> [apiv2][body] POST https://upload-firebasehosting.googleapis.com/upload/sites/md-ayakub-ali/versions/a61c324371c394f4/files/d6422676b22338324272c56c03f55a4f097e86b9ac301a3763d195149f61c790 [stream]
[debug] [2022-12-13T11:46:56.920Z] >>> [apiv2][query] POST https://upload-firebasehosting.googleapis.com/upload/sites/md-ayakub-ali/versions/a61c324371c394f4/files/2bc7bdbd759ba03f2cac1416a6f03caecfe4929945c53108a43a276eeb62b851 [none]
[debug] [2022-12-13T11:46:56.920Z] >>> [apiv2][body] POST https://upload-firebasehosting.googleapis.com/upload/sites/md-ayakub-ali/versions/a61c324371c394f4/files/2bc7bdbd759ba03f2cac1416a6f03caecfe4929945c53108a43a276eeb62b851 [stream]
[debug] [2022-12-13T11:46:56.921Z] >>> [apiv2][query] POST https://upload-firebasehosting.googleapis.com/upload/sites/md-ayakub-ali/versions/a61c324371c394f4/files/9b587d6aeffa259ec9a13a592ae5b9311ee9614b9d4ab5740c7740ca75ae81a1 [none]
[debug] [2022-12-13T11:46:56.921Z] >>> [apiv2][body] POST https://upload-firebasehosting.googleapis.com/upload/sites/md-ayakub-ali/versions/a61c324371c394f4/files/9b587d6aeffa259ec9a13a592ae5b9311ee9614b9d4ab5740c7740ca75ae81a1 [stream]
[debug] [2022-12-13T11:46:56.922Z] >>> [apiv2][query] POST https://upload-firebasehosting.googleapis.com/upload/sites/md-ayakub-ali/versions/a61c324371c394f4/files/b6f6058861b12c5bc40f619537d6c610eaa023b42dee85ded6b5cadb457cda0e [none]
[debug] [2022-12-13T11:46:56.923Z] >>> [apiv2][body] POST https://upload-firebasehosting.googleapis.com/upload/sites/md-ayakub-ali/versions/a61c324371c394f4/files/b6f6058861b12c5bc40f619537d6c610eaa023b42dee85ded6b5cadb457cda0e [stream]
[debug] [2022-12-13T11:46:56.924Z] [hosting][populate queue][FINAL] {"max":921,"min":921,"avg":921,"active":0,"complete":1,"success":1,"errored":0,"retried":0,"total":1,"elapsed":930}
[debug] [2022-12-13T11:46:56.924Z] [hosting] uploads queued: 6
[debug] [2022-12-13T11:46:58.668Z] <<< [apiv2][status] POST https://upload-firebasehosting.googleapis.com/upload/sites/md-ayakub-ali/versions/a61c324371c394f4/files/d6422676b22338324272c56c03f55a4f097e86b9ac301a3763d195149f61c790 200
[debug] [2022-12-13T11:46:58.669Z] <<< [apiv2][body] POST https://upload-firebasehosting.googleapis.com/upload/sites/md-ayakub-ali/versions/a61c324371c394f4/files/d6422676b22338324272c56c03f55a4f097e86b9ac301a3763d195149f61c790 [stream]
[debug] [2022-12-13T11:46:58.688Z] <<< [apiv2][status] POST https://upload-firebasehosting.googleapis.com/upload/sites/md-ayakub-ali/versions/a61c324371c394f4/files/9b587d6aeffa259ec9a13a592ae5b9311ee9614b9d4ab5740c7740ca75ae81a1 200
[debug] [2022-12-13T11:46:58.688Z] <<< [apiv2][body] POST https://upload-firebasehosting.googleapis.com/upload/sites/md-ayakub-ali/versions/a61c324371c394f4/files/9b587d6aeffa259ec9a13a592ae5b9311ee9614b9d4ab5740c7740ca75ae81a1 [stream]
[debug] [2022-12-13T11:46:58.750Z] <<< [apiv2][status] POST https://upload-firebasehosting.googleapis.com/upload/sites/md-ayakub-ali/versions/a61c324371c394f4/files/2bc7bdbd759ba03f2cac1416a6f03caecfe4929945c53108a43a276eeb62b851 200
[debug] [2022-12-13T11:46:58.750Z] <<< [apiv2][body] POST https://upload-firebasehosting.googleapis.com/upload/sites/md-ayakub-ali/versions/a61c324371c394f4/files/2bc7bdbd759ba03f2cac1416a6f03caecfe4929945c53108a43a276eeb62b851 [stream]
[debug] [2022-12-13T11:46:58.788Z] <<< [apiv2][status] POST https://upload-firebasehosting.googleapis.com/upload/sites/md-ayakub-ali/versions/a61c324371c394f4/files/39a4a1cc9eff221e16370111cf573e65bd71703311674f4361ee4e9fb38f44cf 200
[debug] [2022-12-13T11:46:58.789Z] <<< [apiv2][body] POST https://upload-firebasehosting.googleapis.com/upload/sites/md-ayakub-ali/versions/a61c324371c394f4/files/39a4a1cc9eff221e16370111cf573e65bd71703311674f4361ee4e9fb38f44cf [stream]
[debug] [2022-12-13T11:46:58.790Z] <<< [apiv2][status] POST https://upload-firebasehosting.googleapis.com/upload/sites/md-ayakub-ali/versions/a61c324371c394f4/files/b6f6058861b12c5bc40f619537d6c610eaa023b42dee85ded6b5cadb457cda0e 200
[debug] [2022-12-13T11:46:58.791Z] <<< [apiv2][body] POST https://upload-firebasehosting.googleapis.com/upload/sites/md-ayakub-ali/versions/a61c324371c394f4/files/b6f6058861b12c5bc40f619537d6c610eaa023b42dee85ded6b5cadb457cda0e [stream]
[debug] [2022-12-13T11:46:59.163Z] <<< [apiv2][status] POST https://upload-firebasehosting.googleapis.com/upload/sites/md-ayakub-ali/versions/a61c324371c394f4/files/e15b3fb417f44a105e9009bd71b315d2809d3955fcf2147dddb5ee1ba893fa93 200
[debug] [2022-12-13T11:46:59.164Z] <<< [apiv2][body] POST https://upload-firebasehosting.googleapis.com/upload/sites/md-ayakub-ali/versions/a61c324371c394f4/files/e15b3fb417f44a105e9009bd71b315d2809d3955fcf2147dddb5ee1ba893fa93 [stream]
[debug] [2022-12-13T11:46:59.164Z] [hosting][upload queue][FINAL] {"max":2250,"min":1754,"avg":1894,"active":0,"complete":6,"success":6,"errored":0,"retried":0,"total":6,"elapsed":2250}
[info] +  hosting[md-ayakub-ali]: file upload complete 
[debug] [2022-12-13T11:46:59.170Z] [hosting] deploy completed after 3861ms
[debug] [2022-12-13T11:46:59.179Z] [
  {
    "config": {
      "public": "build",
      "ignore": [
        "firebase.json",
        "**/.*",
        "**/node_modules/**"
      ],
      "rewrites": [
        {
          "source": "**",
          "destination": "/index.html"
        }
      ],
      "site": "md-ayakub-ali"
    },
    "version": "projects/426695723035/sites/md-ayakub-ali/versions/a61c324371c394f4"
  }
]
[info] i  hosting[md-ayakub-ali]: finalizing version... 
[debug] [2022-12-13T11:46:59.188Z] >>> [apiv2][query] PATCH https://firebasehosting.googleapis.com/v1beta1/projects/-/sites/md-ayakub-ali/versions/a61c324371c394f4 updateMask=status%2Cconfig
[debug] [2022-12-13T11:46:59.188Z] >>> [apiv2][body] PATCH https://firebasehosting.googleapis.com/v1beta1/projects/-/sites/md-ayakub-ali/versions/a61c324371c394f4 {"status":"FINALIZED","config":{"rewrites":[{"glob":"**","path":"/index.html"}]}}
[debug] [2022-12-13T11:47:00.114Z] <<< [apiv2][status] PATCH https://firebasehosting.googleapis.com/v1beta1/projects/-/sites/md-ayakub-ali/versions/a61c324371c394f4 200
[debug] [2022-12-13T11:47:00.114Z] <<< [apiv2][body] PATCH https://firebasehosting.googleapis.com/v1beta1/projects/-/sites/md-ayakub-ali/versions/a61c324371c394f4 {"name":"projects/426695723035/sites/md-ayakub-ali/versions/a61c324371c394f4","status":"FINALIZED","config":{"rewrites":[{"glob":"**","path":"/index.html"}]},"labels":{"deployment-tool":"cli-firebase"},"createTime":"2022-12-13T11:46:54.900853Z","createUser":{"email":"ayakub1086@gmail.com"},"finalizeTime":"2022-12-13T11:47:00.603649Z","finalizeUser":{"email":"ayakub1086@gmail.com"}}
[debug] [2022-12-13T11:47:00.114Z] [hosting] finalized version for md-ayakub-ali:[object Object]
[info] +  hosting[md-ayakub-ali]: version finalized 
[info] i  hosting[md-ayakub-ali]: releasing new version... 
[debug] [2022-12-13T11:47:00.117Z] >>> [apiv2][query] POST https://firebasehosting.googleapis.com/v1beta1/projects/-/sites/md-ayakub-ali/channels/live/releases versionName=projects%2F426695723035%2Fsites%2Fmd-ayakub-ali%2Fversions%2Fa61c324371c394f4
[debug] [2022-12-13T11:47:00.118Z] >>> [apiv2][body] POST https://firebasehosting.googleapis.com/v1beta1/projects/-/sites/md-ayakub-ali/channels/live/releases {}
[debug] [2022-12-13T11:47:01.029Z] <<< [apiv2][status] POST https://firebasehosting.googleapis.com/v1beta1/projects/-/sites/md-ayakub-ali/channels/live/releases 200
[debug] [2022-12-13T11:47:01.029Z] <<< [apiv2][body] POST https://firebasehosting.googleapis.com/v1beta1/projects/-/sites/md-ayakub-ali/channels/live/releases {"name":"projects/426695723035/sites/md-ayakub-ali/channels/live/releases/1670932020922362","version":{"name":"projects/426695723035/sites/md-ayakub-ali/versions/a61c324371c394f4","status":"FINALIZED","config":{"rewrites":[{"glob":"**","path":"/index.html"}]},"labels":{"deployment-tool":"cli-firebase"},"createTime":"2022-12-13T11:46:54.900853Z","createUser":{"email":"ayakub1086@gmail.com","imageUrl":"https://lh3.googleusercontent.com/a/AEdFTp7_vfy1c67KZa1M_-wMLy5hvDrx7VfbkhHjYJsGmA"},"finalizeTime":"2022-12-13T11:47:00.603649Z","finalizeUser":{"email":"ayakub1086@gmail.com","imageUrl":"https://lh3.googleusercontent.com/a/AEdFTp7_vfy1c67KZa1M_-wMLy5hvDrx7VfbkhHjYJsGmA"}},"type":"DEPLOY","releaseTime":"2022-12-13T11:47:00.922362379Z","releaseUser":{"email":"ayakub1086@gmail.com","imageUrl":"https://lh3.googleusercontent.com/a/AEdFTp7_vfy1c67KZa1M_-wMLy5hvDrx7VfbkhHjYJsGmA"}}
[debug] [2022-12-13T11:47:01.030Z] [hosting] release: {"name":"projects/426695723035/sites/md-ayakub-ali/channels/live/releases/1670932020922362","version":{"name":"projects/426695723035/sites/md-ayakub-ali/versions/a61c324371c394f4","status":"FINALIZED","config":{"rewrites":[{"glob":"**","path":"/index.html"}]},"labels":{"deployment-tool":"cli-firebase"},"createTime":"2022-12-13T11:46:54.900853Z","createUser":{"email":"ayakub1086@gmail.com","imageUrl":"https://lh3.googleusercontent.com/a/AEdFTp7_vfy1c67KZa1M_-wMLy5hvDrx7VfbkhHjYJsGmA"},"finalizeTime":"2022-12-13T11:47:00.603649Z","finalizeUser":{"email":"ayakub1086@gmail.com","imageUrl":"https://lh3.googleusercontent.com/a/AEdFTp7_vfy1c67KZa1M_-wMLy5hvDrx7VfbkhHjYJsGmA"}},"type":"DEPLOY","releaseTime":"2022-12-13T11:47:00.922362379Z","releaseUser":{"email":"ayakub1086@gmail.com","imageUrl":"https://lh3.googleusercontent.com/a/AEdFTp7_vfy1c67KZa1M_-wMLy5hvDrx7VfbkhHjYJsGmA"}}
[info] +  hosting[md-ayakub-ali]: release complete 
[info] 
[info] +  Deploy complete! 
[info] 
[info] Project Console: https://console.firebase.google.com/project/md-ayakub-ali/overview
[info] Hosting URL: https://md-ayakub-ali.web.app
[debug] [2022-12-13T11:47:10.659Z] Error: Timed out.
    at Timeout._onTimeout (C:\Users\Md Ayakub Ali\AppData\Roaming\npm\node_modules\firebase-tools\lib\utils.js:253:49)
    at listOnTimeout (node:internal/timers:559:17)
    at processTimers (node:internal/timers:502:7)
[error] 
[error] Error: An unexpected error has occurred.
